number,value,datetime_start,datetime_complete,duration,params_bias_mutate_power,params_compatibility_disjoint_coefficient,params_compatibility_weight_coefficient,params_conn_add_prob,params_conn_delete_prob,params_node_add_prob,params_node_delete_prob,params_weight_mutate_power,state
79,0.31356290794238995,2020-06-09 00:34:03.588645,2020-06-09 00:53:49.055975,0 days 00:19:45.467330000,0.5112741189860219,1.1715988108355466,0.5506896410539048,0.040827536402297165,0.06487013003501543,0.15254748962085515,0.027456947305385317,0.9027670989027337,COMPLETE
80,0.3143841773531925,2020-06-09 00:53:49.057958,2020-06-09 01:13:15.065883,0 days 00:19:26.007925000,0.9262745947249243,1.0701011953211688,0.4449100928145537,0.02072816719271809,0.016472655472930836,0.16062436682755607,0.05559891524664412,0.775850323927717,COMPLETE
81,0.3123142371313373,2020-06-09 01:13:15.067769,2020-06-09 01:32:10.874922,0 days 00:18:55.807153000,0.8777677649471526,1.0325606161309517,0.4341110799257428,0.022680659484024843,0.015980478366791378,0.17032929665862806,0.05273350088152801,0.7676035215336808,COMPLETE
82,0.31471329588311464,2020-06-09 01:32:10.876908,2020-06-09 01:50:47.864638,0 days 00:18:36.987730000,0.9228660419280221,1.068904097366239,0.4024227416189554,0.017122629761168504,0.023989072187633766,0.17371039278025924,0.04804237562902744,0.801025303795649,COMPLETE
83,0.3140137769735428,2020-06-09 01:50:47.866076,2020-06-09 02:09:20.432860,0 days 00:18:32.566784000,0.9314995092087224,1.0699534976485776,0.44352073027270217,0.019178712706586803,0.014209255601864881,0.1806972420332858,0.06483515894725198,0.6528876839263276,COMPLETE
84,0.31391958044103924,2020-06-09 02:09:20.433852,2020-06-09 02:28:31.630477,0 days 00:19:11.196625000,0.9740324724684052,1.0183065642294429,0.4047972841622483,0.03392955578319355,0.007785263502866544,0.1589496146288963,0.05541159296402035,0.9242721502654258,COMPLETE
85,0.31381407601770817,2020-06-09 02:28:31.632004,2020-06-09 02:48:41.856921,0 days 00:20:10.224917000,0.8617492630731316,0.9892202608542178,0.37968866151625597,0.030352177809346632,0.017902182875047426,0.19992085663540735,0.04835811033519913,0.7949932123737736,COMPLETE
86,0.31132396321566475,2020-06-09 02:48:41.858409,2020-06-09 03:07:52.787586,0 days 00:19:10.929177000,0.8200259373102383,1.0429883397629622,0.4171228483623234,0.026033644138614517,0.023191153605277834,0.17302579979089036,0.07068245145267682,0.9762841847931177,COMPLETE
87,0.316131994610619,2020-06-09 03:07:52.788949,2020-06-09 03:27:07.088926,0 days 00:19:14.299977000,0.9290672772143784,1.0906567228755035,0.4779909745956036,0.037145828470619424,0.011929619281431464,0.15348786583344756,0.06106861593502281,0.880723025617947,COMPLETE
88,0.31413275498350024,2020-06-09 03:27:07.089891,2020-06-09 03:46:44.091762,0 days 00:19:37.001871000,0.8895409925441424,1.0935685052122333,0.4772079984017052,0.046498096443945376,0.011561318265027378,0.18967282586945067,0.08036939432440078,0.881804670858206,COMPLETE
89,0.31291871947183986,2020-06-09 03:46:44.093225,2020-06-09 04:05:22.755037,0 days 00:18:38.661812000,0.8482879902104007,1.103720666795447,0.36065316396956215,0.03654078814000404,0.027807372020987983,0.13672786091567268,0.00843463154770022,0.9532674478843455,COMPLETE
90,0.3137379746233248,2020-06-09 04:05:22.756500,2020-06-09 04:25:27.175774,0 days 00:20:04.419274000,0.9828716214953448,1.0857440635641096,0.31639352448171293,0.07910282344625089,0.024417672682190916,0.14979309691790746,0.004788663044443857,0.4193936973416258,COMPLETE
91,0.3122751962094892,2020-06-09 04:25:27.177236,2020-06-09 04:44:00.992071,0 days 00:18:33.814835000,0.9191818828782371,1.0529641122809852,0.46823912547078284,0.018020451308794403,0.020070506927111716,0.1575373932477912,0.05714376708352702,0.8553616054120113,COMPLETE
92,0.3127976732045641,2020-06-09 04:44:00.993696,2020-06-09 05:04:20.272479,0 days 00:20:19.278783000,0.9231175079399475,1.130850735268928,0.4523140761006029,0.039881028595782346,0.014743575187685633,0.16408121518194838,0.06152970682520593,0.7536314385541065,COMPLETE
93,0.3128839852234575,2020-06-09 05:04:20.273966,2020-06-09 05:23:20.243321,0 days 00:18:59.969355000,0.9356745169925968,1.0626729610138053,0.5022957526936541,0.05138871995215278,0.008851479088348902,0.17344560726508906,0.043407475568061495,0.8936119650920621,COMPLETE
94,0.3143778621471291,2020-06-09 05:23:20.244313,2020-06-09 05:43:30.488527,0 days 00:20:10.244214000,0.8407567456772809,1.1138302000923799,0.4273844239463924,0.02861454944221684,0.03031454957629791,0.15521234481080318,0.051369804312893036,0.8196733485923982,COMPLETE
95,0.31289222457259813,2020-06-09 05:43:30.490014,2020-06-09 06:02:18.078107,0 days 00:18:47.588093000,0.4526520445085267,1.0789718060885676,0.4013200237325305,0.013398744317581028,0.05831085134899553,0.16509402767222242,0.059693652497867816,0.8457899992200644,COMPLETE
96,0.3141348489004055,2020-06-09 06:02:18.079630,2020-06-09 06:21:08.666813,0 days 00:18:50.587183000,0.8994545306237888,1.1888058011158327,0.5154791050324811,0.02156121539644759,0.012453051149252084,0.13260308894683945,0.05485557170857597,0.7068648060977464,COMPLETE
97,0.31398991696788875,2020-06-09 06:21:08.667742,2020-06-09 06:39:36.328455,0 days 00:18:27.660713000,0.957579422189269,1.1358152578055503,0.452358487126182,0.03593670059044172,0.016665466110695394,0.14111719001213754,0.0638535172308719,0.9302171570388698,COMPLETE
98,0.3116564745394967,2020-06-09 06:39:36.329445,2020-06-09 06:58:25.055065,0 days 00:18:48.725620000,0.40251380747363164,1.104665717485584,0.41070971087068525,0.058189842131057774,0.02148350376853114,0.14835656662445545,0.04770702154223025,0.9728734704442897,COMPLETE
99,0.31500198232586946,2020-06-09 06:58:25.055992,2020-06-09 07:17:21.563980,0 days 00:18:56.507988000,0.9991622905483193,1.072022033536417,0.48767567276500695,0.064374052990543,0.024772984787407026,0.08777623432555338,0.061400238667556443,0.7989312168148149,COMPLETE
